0 verbose cli /usr/local/bin/node /usr/local/bin/npm
1 info using npm@10.9.2
2 info using node@v22.16.0
3 silly config load:file:/usr/local/lib/node_modules/npm/npmrc
4 silly config load:file:/Users/hatrung/Library/Caches/typescript/5.8/.npmrc
5 silly config load:file:/Users/hatrung/.npmrc
6 silly config load:file:/usr/local/etc/npmrc
7 verbose title npm install types-registry@latest
8 verbose argv "install" "--ignore-scripts" "types-registry@latest"
9 verbose logfile logs-max:10 dir:/Users/hatrung/.npm/_logs/2025-06-17T01_46_58_380Z-
10 verbose logfile /Users/hatrung/.npm/_logs/2025-06-17T01_46_58_380Z-debug-0.log
11 silly logfile done cleaning log files
12 silly packumentCache heap:2197815296 maxSize:549453824 maxEntrySize:274726912
13 silly packumentCache corgi:https://registry.npmjs.org/types-registry cache-miss
14 http cache https://registry.npmjs.org/types-registry 12ms (cache hit)
15 silly packumentCache corgi:https://registry.npmjs.org/types-registry set size:600912 disposed:false
16 silly idealTree buildDeps
17 silly fetch manifest types-registry@0.1.725
18 silly packumentCache full:https://registry.npmjs.org/types-registry cache-miss
19 http cache https://registry.npmjs.org/types-registry 5ms (cache hit)
20 silly packumentCache full:https://registry.npmjs.org/types-registry set size:1274915 disposed:false
21 silly placeDep ROOT types-registry@0.1.725 REPLACE for:  want: 0.1.725
22 silly reify moves {}
23 silly audit bulk request {
23 silly audit   '@types/react': [ '19.1.8' ],
23 silly audit   csstype: [ '3.1.3' ],
23 silly audit   'types-registry': [ '0.1.725' ]
23 silly audit }
24 http fetch POST 200 https://registry.npmjs.org/-/npm/v1/security/advisories/bulk 406ms
25 silly audit report {}
26 verbose cwd /Users/hatrung/Library/Caches/typescript/5.8
27 verbose os Darwin 22.3.0
28 verbose node v22.16.0
29 verbose npm  v10.9.2
30 verbose exit 0
31 info ok
