0 verbose cli /usr/local/bin/node /usr/local/bin/npm
1 info using npm@10.9.2
2 info using node@v22.16.0
3 silly config load:file:/usr/local/lib/node_modules/npm/npmrc
4 silly config load:file:/Users/hatrung/Library/Caches/typescript/5.8/.npmrc
5 silly config load:file:/Users/hatrung/.npmrc
6 silly config load:file:/usr/local/etc/npmrc
7 verbose title npm install types-registry@latest
8 verbose argv "install" "--ignore-scripts" "types-registry@latest"
9 verbose logfile logs-max:10 dir:/Users/hatrung/.npm/_logs/2025-06-17T01_46_13_625Z-
10 verbose logfile /Users/hatrung/.npm/_logs/2025-06-17T01_46_13_625Z-debug-0.log
11 silly logfile done cleaning log files
12 silly packumentCache heap:2197815296 maxSize:549453824 maxEntrySize:274726912
13 silly packumentCache corgi:https://registry.npmjs.org/types-registry cache-miss
14 http fetch GET 200 https://registry.npmjs.org/types-registry 328ms (cache miss)
15 silly packumentCache corgi:https://registry.npmjs.org/types-registry set size:undefined disposed:false
16 silly idealTree buildDeps
17 silly fetch manifest types-registry@0.1.725
18 silly packumentCache full:https://registry.npmjs.org/types-registry cache-miss
19 http fetch GET 200 https://registry.npmjs.org/types-registry 77ms (cache miss)
20 silly packumentCache full:https://registry.npmjs.org/types-registry set size:undefined disposed:false
21 silly placeDep ROOT types-registry@0.1.725 OK for:  want: 0.1.725
22 silly reify moves {}
23 silly audit bulk request { 'types-registry': [ '0.1.725' ] }
24 http cache types-registry@https://registry.npmjs.org/types-registry/-/types-registry-0.1.725.tgz 1ms (cache hit)
25 silly tarball no local data for types-registry@https://registry.npmjs.org/types-registry/-/types-registry-0.1.725.tgz. Extracting by manifest.
26 http fetch GET 200 https://registry.npmjs.org/types-registry/-/types-registry-0.1.725.tgz 210ms (cache miss)
27 http fetch POST 200 https://registry.npmjs.org/-/npm/v1/security/advisories/bulk 248ms
28 silly audit report {}
29 silly ADD node_modules/types-registry
30 verbose cwd /Users/hatrung/Library/Caches/typescript/5.8
31 verbose os Darwin 22.3.0
32 verbose node v22.16.0
33 verbose npm  v10.9.2
34 verbose exit 0
35 info ok
